<?xml version="1.0" encoding="UTF-8"?>
<!-- Generated by org.testng.reporters.JUnitReportReporter -->
<testsuite hostname="NETWIN-PC63" failures="0" tests="7" name="com.konnect.testcases.UpdateProjectFilesTabTest" time="67.822" errors="0" timestamp="04 Apr 2018 07:15:25 GMT" skipped="0">
  <testcase classname="com.konnect.testcases.UpdateProjectFilesTabTest" name="ValidateProjectSearchIconforFileUpdate" time="30.289"/>
  <testcase classname="com.konnect.testcases.UpdateProjectFilesTabTest" name="SearchProjectnameforFilesUpdate" time="9.835"/>
  <testcase classname="com.konnect.testcases.UpdateProjectFilesTabTest" name="VerifyandvalidateUploadedfile" time="9.003"/>
  <testcase classname="com.konnect.testcases.UpdateProjectFilesTabTest" name="DownloadFile" time="5.934"/>
  <testcase classname="com.konnect.testcases.UpdateProjectFilesTabTest" name="DeleteFile" time="8.803"/>
  <testcase classname="com.konnect.testcases.UpdateProjectFilesTabTest" name="ValidateDeletedFile" time="3.052"/>
  <testcase classname="com.konnect.testcases.UpdateProjectFilesTabTest" name="LogoutfromFilesTab" time="0.906"/>
</testsuite> <!-- com.konnect.testcases.UpdateProjectFilesTabTest -->
