<?xml version="1.0" encoding="UTF-8"?>
<!-- Generated by org.testng.reporters.JUnitReportReporter -->
<testsuite hostname="NETWIN-PC63" failures="0" tests="1" name="com.konnect.testcases.ExistingGroupsAnnouncementTest" time="86.691" errors="0" timestamp="07 Mar 2018 07:49:46 GMT" skipped="0">
  <testcase classname="com.konnect.testcases.ExistingGroupsAnnouncementTest" name="ValidateExistingGroups" time="86.691"/>
</testsuite> <!-- com.konnect.testcases.ExistingGroupsAnnouncementTest -->
