<?xml version="1.0" encoding="UTF-8"?>
<!-- Generated by org.testng.reporters.JUnitReportReporter -->
<testsuite hostname="NETWIN-PC63" failures="0" tests="6" name="com.konnect.testcases.UpdateProjectNotesTab" time="85.678" errors="0" timestamp="30 Mar 2018 01:25:11 GMT" skipped="0">
  <testcase classname="com.konnect.testcases.UpdateProjectNotesTab" name="ValidateProjectSearchIcon" time="30.379"/>
  <testcase classname="com.konnect.testcases.UpdateProjectNotesTab" name="ValidateExistingProjectname" time="14.932"/>
  <testcase classname="com.konnect.testcases.UpdateProjectNotesTab" name="ValidateNotesTabNavigation" time="5.175"/>
  <testcase classname="com.konnect.testcases.UpdateProjectNotesTab" name="UpdateProjectNotesname" time="19.515"/>
  <testcase classname="com.konnect.testcases.UpdateProjectNotesTab" name="SelectandAddNotesTag" time="15.624"/>
  <testcase classname="com.konnect.testcases.UpdateProjectNotesTab" name="VerifyAddedNotesTagToastMessage" time="0.053"/>
</testsuite> <!-- com.konnect.testcases.UpdateProjectNotesTab -->
