<?xml version="1.0" encoding="UTF-8"?>
<!-- Generated by org.testng.reporters.JUnitReportReporter -->
<testsuite hostname="NETWIN-PC63" failures="0" tests="2" name="com.konnect.testcases.HomePageTest" time="52.630" errors="0" timestamp="27 Feb 2018 05:07:25 GMT" skipped="0">
  <testcase classname="com.konnect.testcases.HomePageTest" name="verifyHomePageTitleTest" time="12.939"/>
  <testcase classname="com.konnect.testcases.HomePageTest" name="clickonCloudpageTest" time="39.691"/>
</testsuite> <!-- com.konnect.testcases.HomePageTest -->
