<?xml version="1.0" encoding="UTF-8"?>
<!-- Generated by org.testng.reporters.JUnitReportReporter -->
<testsuite hostname="NETWIN-PC63" failures="0" tests="3" name="com.konnect.testcases.UpdateMyNotesPageTest" time="62.890" errors="0" timestamp="20 Apr 2018 06:03:37 GMT" skipped="0">
  <testcase classname="com.konnect.testcases.UpdateMyNotesPageTest" name="ClickonMyNotes" time="0.117"/>
  <testcase classname="com.konnect.testcases.UpdateMyNotesPageTest" name="AddNewNotesTest" time="61.864"/>
  <testcase classname="com.konnect.testcases.UpdateMyNotesPageTest" name="Logout" time="0.909"/>
</testsuite> <!-- com.konnect.testcases.UpdateMyNotesPageTest -->
