<?xml version="1.0" encoding="UTF-8"?>
<!-- Generated by org.testng.reporters.JUnitReportReporter -->
<testsuite hostname="NETWIN-PC63" failures="0" tests="3" name="com.konnect.testcases.LoginPageTest" time="43.300" errors="0" timestamp="14 Mar 2018 02:12:08 GMT" skipped="0">
  <testcase classname="com.konnect.testcases.LoginPageTest" name="gtkLogoImageTest" time="11.676"/>
  <testcase classname="com.konnect.testcases.LoginPageTest" name="loginTest" time="16.801"/>
  <testcase classname="com.konnect.testcases.LoginPageTest" name="validateprofileiconTest" time="14.823"/>
</testsuite> <!-- com.konnect.testcases.LoginPageTest -->
