<?xml version="1.0" encoding="UTF-8"?>
<!-- Generated by org.testng.reporters.JUnitReportReporter -->
<testsuite hostname="NETWIN-PC63" failures="0" tests="1" name="com.konnect.testcases.UpdateProjectTaskTabTest" time="30.242" errors="0" timestamp="05 Apr 2018 02:26:31 GMT" skipped="0">
  <testcase classname="com.konnect.testcases.UpdateProjectTaskTabTest" name="ValidateProjectSearchIconforTask" time="30.242"/>
</testsuite> <!-- com.konnect.testcases.UpdateProjectTaskTabTest -->
