<?xml version="1.0" encoding="UTF-8"?>
<!-- Generated by org.testng.reporters.JUnitReportReporter -->
<testsuite hostname="NETWIN-PC63" failures="0" tests="5" name="com.konnect.testcases.MyFilesPageTest" time="46.391" errors="0" timestamp="23 Apr 2018 04:13:52 GMT" skipped="0">
  <testcase classname="com.konnect.testcases.MyFilesPageTest" name="ClickonMyFilesLink" time="2.154"/>
  <testcase classname="com.konnect.testcases.MyFilesPageTest" name="ClickonChooseFileinMyFilesToUpload" time="31.336"/>
  <testcase classname="com.konnect.testcases.MyFilesPageTest" name="UploadFileinMyFiles" time="2.984"/>
  <testcase classname="com.konnect.testcases.MyFilesPageTest" name="SearchUploadedFile" time="4.764"/>
  <testcase classname="com.konnect.testcases.MyFilesPageTest" name="Logout" time="5.153"/>
</testsuite> <!-- com.konnect.testcases.MyFilesPageTest -->
