<?xml version="1.0" encoding="UTF-8"?>
<!-- Generated by org.testng.reporters.JUnitReportReporter -->
<testsuite hostname="NETWIN-PC63" failures="0" tests="4" name="com.konnect.testcases.GroupsPageTest" time="43.388" errors="0" timestamp="09 Apr 2018 03:26:10 GMT" skipped="0">
  <testcase classname="com.konnect.testcases.GroupsPageTest" name="ClickOnGroupsLink" time="0.061"/>
  <testcase classname="com.konnect.testcases.GroupsPageTest" name="ClickOnAddNewGroupButton" time="31.363"/>
  <testcase classname="com.konnect.testcases.GroupsPageTest" name="ProvideNewGroupName" time="3.782"/>
  <testcase classname="com.konnect.testcases.GroupsPageTest" name="validateCreatedNewGroup" time="8.182"/>
</testsuite> <!-- com.konnect.testcases.GroupsPageTest -->
