<?xml version="1.0" encoding="UTF-8"?>
<!-- Generated by org.testng.reporters.JUnitReportReporter -->
<testsuite hostname="NETWIN-PC63" failures="0" tests="4" name="com.konnect.testcases.ExistingProjectPageTabTest" time="30.843" errors="0" timestamp="16 Mar 2018 03:29:43 GMT" skipped="0">
  <testcase classname="com.konnect.testcases.ExistingProjectPageTabTest" name="ValidateProjectSearchIcon" time="30.393"/>
  <testcase classname="com.konnect.testcases.ExistingProjectPageTabTest" name="ValidateExistingProjectname" time="0.154"/>
  <testcase classname="com.konnect.testcases.ExistingProjectPageTabTest" name="validateProjectSearch" time="0.239"/>
  <testcase classname="com.konnect.testcases.ExistingProjectPageTabTest" name="validateSearchedProject" time="0.057"/>
</testsuite> <!-- com.konnect.testcases.ExistingProjectPageTabTest -->
