<?xml version="1.0" encoding="UTF-8"?>
<!-- Generated by org.testng.reporters.JUnitReportReporter -->
<testsuite hostname="NETWIN-PC63" failures="0" tests="1" name="com.konnect.testcases.GroupsAnnouncementTest" time="84.608" errors="0" timestamp="07 Mar 2018 05:13:24 GMT" skipped="0">
  <testcase classname="com.konnect.testcases.GroupsAnnouncementTest" name="ValidateExistingGroups" time="84.608"/>
</testsuite> <!-- com.konnect.testcases.GroupsAnnouncementTest -->
