<?xml version="1.0" encoding="UTF-8"?>
<!-- Generated by org.testng.reporters.JUnitReportReporter -->
<testsuite hostname="NETWIN-PC63" failures="0" tests="1" name="com.konnect.testcases.GroupsAnnouncement" time="84.689" errors="0" timestamp="06 Mar 2018 05:30:09 GMT" skipped="0">
  <testcase classname="com.konnect.testcases.GroupsAnnouncement" name="ValidateExistingGroups" time="84.689"/>
</testsuite> <!-- com.konnect.testcases.GroupsAnnouncement -->
