<?xml version="1.0" encoding="UTF-8"?>
<!-- Generated by org.testng.reporters.JUnitReportReporter -->
<testsuite hostname="NETWIN-PC63" failures="0" tests="7" name="com.konnect.testcases.UpdateProjectNotesTabTest" time="76.282" errors="0" timestamp="06 Apr 2018 06:49:32 GMT" skipped="0">
  <testcase classname="com.konnect.testcases.UpdateProjectNotesTabTest" name="ClickonProjectSearchIcontogetProjectname" time="35.276"/>
  <testcase classname="com.konnect.testcases.UpdateProjectNotesTabTest" name="SearchProjectnameforNotesUpdate" time="9.886"/>
  <testcase classname="com.konnect.testcases.UpdateProjectNotesTabTest" name="ValidateNotesTabNavigation" time="5.159"/>
  <testcase classname="com.konnect.testcases.UpdateProjectNotesTabTest" name="UpdateProjectNotesname" time="9.589"/>
  <testcase classname="com.konnect.testcases.UpdateProjectNotesTabTest" name="SelectandAddNotesTag" time="15.495"/>
  <testcase classname="com.konnect.testcases.UpdateProjectNotesTabTest" name="VerifyAddedNotesTagToastMessage" time="0.027"/>
  <testcase classname="com.konnect.testcases.UpdateProjectNotesTabTest" name="LogoutfromNotesScreen" time="0.850"/>
</testsuite> <!-- com.konnect.testcases.UpdateProjectNotesTabTest -->
