<?xml version="1.0" encoding="UTF-8"?>
<!-- Generated by org.testng.reporters.JUnitReportReporter -->
<testsuite hostname="NETWIN-PC63" failures="0" tests="2" name="com.konnect.testcases.ProjectPageTest" time="79.182" errors="0" timestamp="12 Apr 2018 07:50:19 GMT" skipped="0">
  <testcase classname="com.konnect.testcases.ProjectPageTest" name="ValidateCreateNewProject" time="68.590"/>
  <testcase classname="com.konnect.testcases.ProjectPageTest" name="ValidateProjectDiscussionTab" time="10.592"/>
</testsuite> <!-- com.konnect.testcases.ProjectPageTest -->
