<?xml version="1.0" encoding="UTF-8"?>
<!-- Generated by org.testng.reporters.JUnitReportReporter -->
<testsuite hostname="NETWIN-PC63" failures="0" tests="2" name="com.konnect.testcases.LoginPageTest" time="29.407" errors="0" timestamp="23 Feb 2018 10:04:00 GMT" skipped="0">
  <testcase classname="com.konnect.testcases.LoginPageTest" name="gtkLogoImageTest" time="8.455"/>
  <testcase classname="com.konnect.testcases.LoginPageTest" name="loginTest" time="20.952"/>
</testsuite> <!-- com.konnect.testcases.LoginPageTest -->
