<?xml version="1.0" encoding="UTF-8"?>
<!-- Generated by org.testng.reporters.JUnitReportReporter -->
<testsuite hostname="NETWIN-PC63" failures="0" tests="2" name="com.konnect.testcases.KonnectionsPageTest" time="19.968" errors="0" timestamp="17 Apr 2018 03:28:08 GMT" skipped="0">
  <testcase classname="com.konnect.testcases.KonnectionsPageTest" name="Logoutfromkonnections" time="0.896"/>
  <testcase classname="com.konnect.testcases.KonnectionsPageTest" name="SecondLogin" time="19.072"/>
</testsuite> <!-- com.konnect.testcases.KonnectionsPageTest -->
