<?xml version="1.0" encoding="UTF-8"?>
<!-- Generated by org.testng.reporters.JUnitReportReporter -->
<testsuite hostname="NETWIN-PC63" failures="0" tests="3" name="com.konnect.testcases.LoginPageTest" time="23.086" errors="0" timestamp="19 Apr 2018 01:23:21 GMT" skipped="0">
  <testcase classname="com.konnect.testcases.LoginPageTest" name="GTKLogoImageTest" time="0.079"/>
  <testcase classname="com.konnect.testcases.LoginPageTest" name="LoginTest" time="22.036"/>
  <testcase classname="com.konnect.testcases.LoginPageTest" name="LogoutTest" time="0.971"/>
</testsuite> <!-- com.konnect.testcases.LoginPageTest -->
