<?xml version="1.0" encoding="UTF-8"?>
<!-- Generated by org.testng.reporters.JUnitReportReporter -->
<testsuite hostname="NETWIN-PC63" failures="0" tests="7" name="com.konnect.testcases.UpdateProjectLinksTabTest" time="75.709" errors="0" timestamp="04 Apr 2018 07:15:25 GMT" skipped="0">
  <testcase classname="com.konnect.testcases.UpdateProjectLinksTabTest" name="ClickonProjectSearchIcon" time="30.275"/>
  <testcase classname="com.konnect.testcases.UpdateProjectLinksTabTest" name="SearchProjectnameforLinksUpdate" time="15.087"/>
  <testcase classname="com.konnect.testcases.UpdateProjectLinksTabTest" name="UpdateNewProjectLink" time="11.664"/>
  <testcase classname="com.konnect.testcases.UpdateProjectLinksTabTest" name="LinkUpdateImageUpload" time="1.887"/>
  <testcase classname="com.konnect.testcases.UpdateProjectLinksTabTest" name="SaveUpdatedLink" time="4.213"/>
  <testcase classname="com.konnect.testcases.UpdateProjectLinksTabTest" name="GetLinkUpdatedDate" time="2.040"/>
  <testcase classname="com.konnect.testcases.UpdateProjectLinksTabTest" name="AddLinkTag" time="10.543"/>
</testsuite> <!-- com.konnect.testcases.UpdateProjectLinksTabTest -->
