<?xml version="1.0" encoding="UTF-8"?>
<!-- Generated by org.testng.reporters.JUnitReportReporter -->
<testsuite hostname="NETWIN-PC63" failures="0" tests="4" name="com.konnect.testcases.MyNotesPageTest" time="66.047" errors="0" timestamp="20 Apr 2018 05:32:02 GMT" skipped="0">
  <testcase classname="com.konnect.testcases.MyNotesPageTest" name="ClickonMyNotes" time="0.185"/>
  <testcase classname="com.konnect.testcases.MyNotesPageTest" name="ClickonMyNotesAddbutton" time="30.347"/>
  <testcase classname="com.konnect.testcases.MyNotesPageTest" name="AddNewNotesTest" time="34.614"/>
  <testcase classname="com.konnect.testcases.MyNotesPageTest" name="Logout" time="0.901"/>
</testsuite> <!-- com.konnect.testcases.MyNotesPageTest -->
