<?xml version="1.0" encoding="UTF-8"?>
<!-- Generated by org.testng.reporters.JUnitReportReporter -->
<testsuite hostname="NETWIN-PC63" failures="0" tests="1" name="com.konnect.testcases.HomePageTest" time="19.612" errors="0" timestamp="06 Mar 2018 00:40:31 GMT" skipped="0">
  <testcase classname="com.konnect.testcases.HomePageTest" name="verifyHomePageTitleTest" time="19.612"/>
</testsuite> <!-- com.konnect.testcases.HomePageTest -->
