<?xml version="1.0" encoding="UTF-8"?>
<!-- Generated by org.testng.reporters.JUnitReportReporter -->
<testsuite hostname="NETWIN-PC63" failures="0" tests="7" name="com.konnect.testcases.UpdateProjectFilesTab" time="64.079" errors="0" timestamp="30 Mar 2018 01:25:11 GMT" skipped="0">
  <testcase classname="com.konnect.testcases.UpdateProjectFilesTab" name="ValidateProjectSearchIcon" time="30.441"/>
  <testcase classname="com.konnect.testcases.UpdateProjectFilesTab" name="ValidateExistingProjectname" time="5.830"/>
  <testcase classname="com.konnect.testcases.UpdateProjectFilesTab" name="VerifyandvalidateUploadedfile" time="9.027"/>
  <testcase classname="com.konnect.testcases.UpdateProjectFilesTab" name="DownloadFile" time="5.998"/>
  <testcase classname="com.konnect.testcases.UpdateProjectFilesTab" name="DeleteFile" time="8.829"/>
  <testcase classname="com.konnect.testcases.UpdateProjectFilesTab" name="ValidateDeletedFile" time="3.066"/>
  <testcase classname="com.konnect.testcases.UpdateProjectFilesTab" name="logout" time="0.888"/>
</testsuite> <!-- com.konnect.testcases.UpdateProjectFilesTab -->
