<?xml version="1.0" encoding="UTF-8"?>
<!-- Generated by org.testng.reporters.JUnitReportReporter -->
<testsuite hostname="NETWIN-PC63" failures="0" tests="5" name="com.konnect.testcases.UpdateMyLinksPageTest" time="61.842" errors="0" timestamp="23 Apr 2018 07:20:40 GMT" skipped="0">
  <testcase classname="com.konnect.testcases.UpdateMyLinksPageTest" name="SearchCreatedLink" time="35.971"/>
  <testcase classname="com.konnect.testcases.UpdateMyLinksPageTest" name="UpdateDataofLinks" time="10.485"/>
  <testcase classname="com.konnect.testcases.UpdateMyLinksPageTest" name="SearchLinkAfterUpdating" time="6.460"/>
  <testcase classname="com.konnect.testcases.UpdateMyLinksPageTest" name="AddtagsDirectlyAgainstLink" time="4.972"/>
  <testcase classname="com.konnect.testcases.UpdateMyLinksPageTest" name="Logout" time="3.954"/>
</testsuite> <!-- com.konnect.testcases.UpdateMyLinksPageTest -->
