<?xml version="1.0" encoding="UTF-8"?>
<!-- Generated by org.testng.reporters.JUnitReportReporter -->
<testsuite hostname="NETWIN-PC63" failures="0" tests="2" name="com.konnect.testcases.MyNotesPageTest" time="32.011" errors="0" timestamp="19 Mar 2018 08:14:43 GMT" skipped="0">
  <testcase classname="com.konnect.testcases.MyNotesPageTest" name="ClickonMyNotes" time="1.637"/>
  <testcase classname="com.konnect.testcases.MyNotesPageTest" name="ClickonMyNotesAddbutton" time="30.374"/>
</testsuite> <!-- com.konnect.testcases.MyNotesPageTest -->
