<?xml version="1.0" encoding="UTF-8"?>
<!-- Generated by org.testng.reporters.JUnitReportReporter -->
<testsuite hostname="NETWIN-PC63" failures="0" tests="4" name="com.konnect.testcases.MyLinksPageTest" time="57.124" errors="0" timestamp="23 Apr 2018 07:02:26 GMT" skipped="0">
  <testcase classname="com.konnect.testcases.MyLinksPageTest" name="ClickonAddLinks" time="30.343"/>
  <testcase classname="com.konnect.testcases.MyLinksPageTest" name="MyLinksDetails" time="17.292"/>
  <testcase classname="com.konnect.testcases.MyLinksPageTest" name="SearchCreatedLink" time="5.595"/>
  <testcase classname="com.konnect.testcases.MyLinksPageTest" name="Logout" time="3.894"/>
</testsuite> <!-- com.konnect.testcases.MyLinksPageTest -->
