<?xml version="1.0" encoding="UTF-8"?>
<!-- Generated by org.testng.reporters.JUnitReportReporter -->
<testsuite hostname="NETWIN-PC63" failures="0" tests="5" name="com.konnect.testcases.ChatTest" time="90.186" errors="0" timestamp="23 Apr 2018 05:36:01 GMT" skipped="0">
  <testcase classname="com.konnect.testcases.ChatTest" name="ClickonChatsLink" time="0.357"/>
  <testcase classname="com.konnect.testcases.ChatTest" name="ChatConversation" time="71.242"/>
  <testcase classname="com.konnect.testcases.ChatTest" name="DownloadFilesinChat" time="9.450"/>
  <testcase classname="com.konnect.testcases.ChatTest" name="CloseChatTab" time="7.190"/>
  <testcase classname="com.konnect.testcases.ChatTest" name="Logout" time="1.947"/>
</testsuite> <!-- com.konnect.testcases.ChatTest -->
