<?xml version="1.0" encoding="UTF-8"?>
<!-- Generated by org.testng.reporters.JUnitReportReporter -->
<testsuite hostname="NETWIN-PC63" failures="0" tests="3" name="com.konnect.logintestcases.LoginPageTest1" time="24.865" errors="0" timestamp="16 Apr 2018 05:12:04 GMT" skipped="0">
  <testcase classname="com.konnect.logintestcases.LoginPageTest1" name="GTKLogoImageTest" time="0.071"/>
  <testcase classname="com.konnect.logintestcases.LoginPageTest1" name="LoginTest" time="23.767"/>
  <testcase classname="com.konnect.logintestcases.LoginPageTest1" name="LogoutTest" time="1.027"/>
</testsuite> <!-- com.konnect.logintestcases.LoginPageTest1 -->
