<?xml version="1.0" encoding="UTF-8"?>
<!-- Generated by org.testng.reporters.JUnitReportReporter -->
<testsuite hostname="NETWIN-PC63" failures="0" tests="3" name="com.konnect.testcases.UpdateProjectDiscussionTabTest" time="51.792" errors="0" timestamp="06 Apr 2018 06:49:32 GMT" skipped="0">
  <testcase classname="com.konnect.testcases.UpdateProjectDiscussionTabTest" name="ValidateProjectSearchIconforDiscussion" time="30.250"/>
  <testcase classname="com.konnect.testcases.UpdateProjectDiscussionTabTest" name="SearchProjectnameforDiscussionUpdate" time="9.896"/>
  <testcase classname="com.konnect.testcases.UpdateProjectDiscussionTabTest" name="ValidateProjectDiscussionTab" time="11.646"/>
</testsuite> <!-- com.konnect.testcases.UpdateProjectDiscussionTabTest -->
